This is pdfTeX, Version 3.141592653-2.6-1.40.25 (MiKTeX 24.1) (preloaded format=pdflatex 2025.5.22)  23 MAY 2025 16:34
entering extended mode
 restricted \write18 enabled.
 file:line:error style messages enabled.
 %&-line parsing enabled.
**"c:/Users/spigno/Documents/GitHub/GutMicrobiotaProgress/ModelUpdating/Autotoxicity model notes.tex"
(c:/Users/spigno/Documents/GitHub/GutMicrobiotaProgress/ModelUpdating/Autotoxicity model notes.tex
LaTeX2e <2023-11-01> patch level 1
L3 programming layer <2024-01-04>
(C:\Users\spigno\AppData\Local\Programs\MiKTeX\tex/latex/base\article.cls
Document Class: article 2023/05/17 v1.4n Standard LaTeX document class
(C:\Users\spigno\AppData\Local\Programs\MiKTeX\tex/latex/base\size10.clo
File: size10.clo 2023/05/17 v1.4n Standard LaTeX file (size option)
)
\c@part=\count187
\c@section=\count188
\c@subsection=\count189
\c@subsubsection=\count190
\c@paragraph=\count191
\c@subparagraph=\count192
\c@figure=\count193
\c@table=\count194
\abovecaptionskip=\skip48
\belowcaptionskip=\skip49
\bibindent=\dimen140
) (C:\Users\spigno\AppData\Local\Programs\MiKTeX\tex/latex/float\float.sty
Package: float 2001/11/08 v1.3d Float enhancements (AL)
\c@float@type=\count195
\float@exts=\toks17
\float@box=\box51
\@float@everytoks=\toks18
\@floatcapt=\box52
) (C:\Users\spigno\AppData\Local\Programs\MiKTeX\tex/latex/amsmath\amsmath.sty
Package: amsmath 2023/05/13 v2.17o AMS math features
\@mathmargin=\skip50

For additional information on amsmath, use the `?' option.
(C:\Users\spigno\AppData\Local\Programs\MiKTeX\tex/latex/amsmath\amstext.sty
Package: amstext 2021/08/26 v2.01 AMS text
 (C:\Users\spigno\AppData\Local\Programs\MiKTeX\tex/latex/amsmath\amsgen.sty
File: amsgen.sty 1999/11/30 v2.0 generic functions
\@emptytoks=\toks19
\ex@=\dimen141
)) (C:\Users\spigno\AppData\Local\Programs\MiKTeX\tex/latex/amsmath\amsbsy.sty
Package: amsbsy 1999/11/29 v1.2d Bold Symbols
\pmbraise@=\dimen142
) (C:\Users\spigno\AppData\Local\Programs\MiKTeX\tex/latex/amsmath\amsopn.sty
Package: amsopn 2022/04/08 v2.04 operator names
)
\inf@bad=\count196
LaTeX Info: Redefining \frac on input line 234.
\uproot@=\count197
\leftroot@=\count198
LaTeX Info: Redefining \overline on input line 399.
LaTeX Info: Redefining \colon on input line 410.
\classnum@=\count199
\DOTSCASE@=\count266
LaTeX Info: Redefining \ldots on input line 496.
LaTeX Info: Redefining \dots on input line 499.
LaTeX Info: Redefining \cdots on input line 620.
\Mathstrutbox@=\box53
\strutbox@=\box54
LaTeX Info: Redefining \big on input line 722.
LaTeX Info: Redefining \Big on input line 723.
LaTeX Info: Redefining \bigg on input line 724.
LaTeX Info: Redefining \Bigg on input line 725.
\big@size=\dimen143
LaTeX Font Info:    Redeclaring font encoding OML on input line 743.
LaTeX Font Info:    Redeclaring font encoding OMS on input line 744.
\macc@depth=\count267
LaTeX Info: Redefining \bmod on input line 905.
LaTeX Info: Redefining \pmod on input line 910.
LaTeX Info: Redefining \smash on input line 940.
LaTeX Info: Redefining \relbar on input line 970.
LaTeX Info: Redefining \Relbar on input line 971.
\c@MaxMatrixCols=\count268
\dotsspace@=\muskip16
\c@parentequation=\count269
\dspbrk@lvl=\count270
\tag@help=\toks20
\row@=\count271
\column@=\count272
\maxfields@=\count273
\andhelp@=\toks21
\eqnshift@=\dimen144
\alignsep@=\dimen145
\tagshift@=\dimen146
\tagwidth@=\dimen147
\totwidth@=\dimen148
\lineht@=\dimen149
\@envbody=\toks22
\multlinegap=\skip51
\multlinetaggap=\skip52
\mathdisplay@stack=\toks23
LaTeX Info: Redefining \[ on input line 2953.
LaTeX Info: Redefining \] on input line 2954.
) (C:\Users\spigno\AppData\Local\Programs\MiKTeX\tex/latex/amsfonts\amssymb.sty
Package: amssymb 2013/01/14 v3.01 AMS font symbols
 (C:\Users\spigno\AppData\Local\Programs\MiKTeX\tex/latex/amsfonts\amsfonts.sty
Package: amsfonts 2013/01/14 v3.01 Basic AMSFonts support
\symAMSa=\mathgroup4
\symAMSb=\mathgroup5
LaTeX Font Info:    Redeclaring math symbol \hbar on input line 98.
LaTeX Font Info:    Overwriting math alphabet `\mathfrak' in version `bold'
(Font)                  U/euf/m/n --> U/euf/b/n on input line 106.
)) (C:\Users\spigno\AppData\Local\Programs\MiKTeX\tex/latex/graphics\graphicx.sty
Package: graphicx 2021/09/16 v1.2d Enhanced LaTeX Graphics (DPC,SPQR)
 (C:\Users\spigno\AppData\Local\Programs\MiKTeX\tex/latex/graphics\keyval.sty
Package: keyval 2022/05/29 v1.15 key=value parser (DPC)
\KV@toks@=\toks24
) (C:\Users\spigno\AppData\Local\Programs\MiKTeX\tex/latex/graphics\graphics.sty
Package: graphics 2022/03/10 v1.4e Standard LaTeX Graphics (DPC,SPQR)
 (C:\Users\spigno\AppData\Local\Programs\MiKTeX\tex/latex/graphics\trig.sty
Package: trig 2021/08/11 v1.11 sin cos tan (DPC)
) (C:\Users\spigno\AppData\Local\Programs\MiKTeX\tex/latex/graphics-cfg\graphics.cfg
File: graphics.cfg 2016/06/04 v1.11 sample graphics configuration
)
Package graphics Info: Driver file: pdftex.def on input line 107.
 (C:\Users\spigno\AppData\Local\Programs\MiKTeX\tex/latex/graphics-def\pdftex.def
File: pdftex.def 2022/09/22 v1.2b Graphics/color driver for pdftex
))
\Gin@req@height=\dimen150
\Gin@req@width=\dimen151
) (C:\Users\spigno\AppData\Local\Programs\MiKTeX\tex/latex/caption\caption.sty
Package: caption 2023/08/05 v3.6o Customizing captions (AR)
 (C:\Users\spigno\AppData\Local\Programs\MiKTeX\tex/latex/caption\caption3.sty
Package: caption3 2023/07/31 v2.4d caption3 kernel (AR)
\caption@tempdima=\dimen152
\captionmargin=\dimen153
\caption@leftmargin=\dimen154
\caption@rightmargin=\dimen155
\caption@width=\dimen156
\caption@indent=\dimen157
\caption@parindent=\dimen158
\caption@hangindent=\dimen159
Package caption Info: Standard document class detected.
)
\c@caption@flags=\count274
\c@continuedfloat=\count275
Package caption Info: float package is loaded.
) (C:\Users\spigno\AppData\Local\Programs\MiKTeX\tex/latex/tools\bm.sty
Package: bm 2023/07/08 v1.2f Bold Symbol Support (DPC/FMi)
\symboldoperators=\mathgroup6
\symboldletters=\mathgroup7
\symboldsymbols=\mathgroup8
Package bm Info: No bold for \OMX/cmex/m/n, using \pmb.
Package bm Info: No bold for \U/msa/m/n, using \pmb.
Package bm Info: No bold for \U/msb/m/n, using \pmb.
LaTeX Font Info:    Redeclaring math alphabet \mathbf on input line 149.
) (C:\Users\spigno\AppData\Local\Programs\MiKTeX\tex/latex/l3backend\l3backend-pdftex.def
File: l3backend-pdftex.def 2024-01-04 L3 backend support: PDF output (pdfTeX)
\l__color_backend_stack_int=\count276
\l__pdf_internal_box=\box55
) (Autotoxicity model notes.aux)
\openout1 = `"Autotoxicity model notes.aux"'.

LaTeX Font Info:    Checking defaults for OML/cmm/m/it on input line 12.
LaTeX Font Info:    ... okay on input line 12.
LaTeX Font Info:    Checking defaults for OMS/cmsy/m/n on input line 12.
LaTeX Font Info:    ... okay on input line 12.
LaTeX Font Info:    Checking defaults for OT1/cmr/m/n on input line 12.
LaTeX Font Info:    ... okay on input line 12.
LaTeX Font Info:    Checking defaults for T1/cmr/m/n on input line 12.
LaTeX Font Info:    ... okay on input line 12.
LaTeX Font Info:    Checking defaults for TS1/cmr/m/n on input line 12.
LaTeX Font Info:    ... okay on input line 12.
LaTeX Font Info:    Checking defaults for OMX/cmex/m/n on input line 12.
LaTeX Font Info:    ... okay on input line 12.
LaTeX Font Info:    Checking defaults for U/cmr/m/n on input line 12.
LaTeX Font Info:    ... okay on input line 12.
 (C:\Users\spigno\AppData\Local\Programs\MiKTeX\tex/context/base/mkii\supp-pdf.mkii
[Loading MPS to PDF converter (version 2006.09.02).]
\scratchcounter=\count277
\scratchdimen=\dimen160
\scratchbox=\box56
\nofMPsegments=\count278
\nofMParguments=\count279
\everyMPshowfont=\toks25
\MPscratchCnt=\count280
\MPscratchDim=\dimen161
\MPnumerator=\count281
\makeMPintoPDFobject=\count282
\everyMPtoPDFconversion=\toks26
) (C:\Users\spigno\AppData\Local\Programs\MiKTeX\tex/latex/epstopdf-pkg\epstopdf-base.sty
Package: epstopdf-base 2020-01-24 v2.11 Base part for package epstopdf
Package epstopdf-base Info: Redefining graphics rule for `.eps' on input line 485.
 (C:\Users\spigno\AppData\Local\Programs\MiKTeX\tex/latex/00miktex\epstopdf-sys.cfg
File: epstopdf-sys.cfg 2021/03/18 v2.0 Configuration of epstopdf for MiKTeX
))
Package caption Info: Begin \AtBeginDocument code.
Package caption Info: End \AtBeginDocument code.
LaTeX Font Info:    Trying to load font information for U+msa on input line 14.
 (C:\Users\spigno\AppData\Local\Programs\MiKTeX\tex/latex/amsfonts\umsa.fd
File: umsa.fd 2013/01/14 v3.01 AMS symbols A
)
LaTeX Font Info:    Trying to load font information for U+msb on input line 14.
 (C:\Users\spigno\AppData\Local\Programs\MiKTeX\tex/latex/amsfonts\umsb.fd
File: umsb.fd 2013/01/14 v3.01 AMS symbols B
) [1

{C:/Users/spigno/AppData/Local/MiKTeX/fonts/map/pdftex/pdftex.map}] [2] [3]
<SingleSpecies/time_series_single_species.png, id=23, 578.16pt x 361.35pt>
File: SingleSpecies/time_series_single_species.png Graphic file (type png)
<use SingleSpecies/time_series_single_species.png>
Package pdftex.def Info: SingleSpecies/time_series_single_species.png  used on input line 138.
(pdftex.def)             Requested size: 345.0pt x 215.6207pt.
 [4 <./SingleSpecies/time_series_single_species.png>] [5

]
<SingleSpecies/RadFreq.png, id=33, 462.528pt x 346.896pt>
File: SingleSpecies/RadFreq.png Graphic file (type png)
<use SingleSpecies/RadFreq.png>
Package pdftex.def Info: SingleSpecies/RadFreq.png  used on input line 218.
(pdftex.def)             Requested size: 345.0pt x 258.76335pt.
 [6

] [7 <./SingleSpecies/RadFreq.png>]
<SingleSpecies/TwoSpecies3Cases.png, id=42, 867.24pt x 722.7pt>
File: SingleSpecies/TwoSpecies3Cases.png Graphic file (type png)
<use SingleSpecies/TwoSpecies3Cases.png>
Package pdftex.def Info: SingleSpecies/TwoSpecies3Cases.png  used on input line 248.
(pdftex.def)             Requested size: 345.0pt x 287.49794pt.
 [8

 <./SingleSpecies/TwoSpecies3Cases.png>] [9] [10

] [11]
<SigmaGamma/10Species.pdf, id=62, 1445.4pt x 1445.4pt>
File: SigmaGamma/10Species.pdf Graphic file (type pdf)
<use SigmaGamma/10Species.pdf>
Package pdftex.def Info: SigmaGamma/10Species.pdf  used on input line 382.
(pdftex.def)             Requested size: 345.0pt x 344.9843pt.
 [12

 <./SigmaGamma/10Species.pdf>]
<SigmaGamma/10SpeciesLinear.pdf, id=517, 1445.4pt x 1445.4pt>
File: SigmaGamma/10SpeciesLinear.pdf Graphic file (type pdf)
<use SigmaGamma/10SpeciesLinear.pdf>
Package pdftex.def Info: SigmaGamma/10SpeciesLinear.pdf  used on input line 390.
(pdftex.def)             Requested size: 345.0pt x 344.9843pt.
 [13

 <./SigmaGamma/10SpeciesLinear.pdf>]
<SigmaGamma/10Autotox.pdf, id=973, 1445.4pt x 1445.4pt>
File: SigmaGamma/10Autotox.pdf Graphic file (type pdf)
<use SigmaGamma/10Autotox.pdf>
Package pdftex.def Info: SigmaGamma/10Autotox.pdf  used on input line 398.
(pdftex.def)             Requested size: 345.0pt x 344.9843pt.
 [14

 <./SigmaGamma/10Autotox.pdf>]
<SigmaGamma/10AutotoxLinear.pdf, id=1431, 1445.4pt x 1445.4pt>
File: SigmaGamma/10AutotoxLinear.pdf Graphic file (type pdf)
<use SigmaGamma/10AutotoxLinear.pdf>
Package pdftex.def Info: SigmaGamma/10AutotoxLinear.pdf  used on input line 406.
(pdftex.def)             Requested size: 345.0pt x 344.9843pt.
 [15

 <./SigmaGamma/10AutotoxLinear.pdf>]
<SigmaGamma/EigenvalueSpectraLog.pdf, id=1889, 1445.4pt x 1445.4pt>
File: SigmaGamma/EigenvalueSpectraLog.pdf Graphic file (type pdf)
<use SigmaGamma/EigenvalueSpectraLog.pdf>
Package pdftex.def Info: SigmaGamma/EigenvalueSpectraLog.pdf  used on input line 416.
(pdftex.def)             Requested size: 345.0pt x 344.9843pt.
 [16

 <./SigmaGamma/EigenvalueSpectraLog.pdf>]
<DeltaGamma/10Species.pdf, id=2339, 1445.4pt x 1445.4pt>
File: DeltaGamma/10Species.pdf Graphic file (type pdf)
<use DeltaGamma/10Species.pdf>
Package pdftex.def Info: DeltaGamma/10Species.pdf  used on input line 432.
(pdftex.def)             Requested size: 345.0pt x 344.9843pt.
 [17

 <./DeltaGamma/10Species.pdf>]
<DeltaGamma/10SpeciesFPLinear.pdf, id=2800, 1445.4pt x 1445.4pt>
File: DeltaGamma/10SpeciesFPLinear.pdf Graphic file (type pdf)
<use DeltaGamma/10SpeciesFPLinear.pdf>
Package pdftex.def Info: DeltaGamma/10SpeciesFPLinear.pdf  used on input line 440.
(pdftex.def)             Requested size: 345.0pt x 344.9843pt.
 [18

 <./DeltaGamma/10SpeciesFPLinear.pdf>]
<DeltaGamma/10autotoxFP.pdf, id=3253, 1445.4pt x 1445.4pt>
File: DeltaGamma/10autotoxFP.pdf Graphic file (type pdf)
<use DeltaGamma/10autotoxFP.pdf>
Package pdftex.def Info: DeltaGamma/10autotoxFP.pdf  used on input line 448.
(pdftex.def)             Requested size: 345.0pt x 344.9843pt.
 [19

 <./DeltaGamma/10autotoxFP.pdf>]
<DeltaGamma/10AutotoxFPLinear.pdf, id=3710, 1445.4pt x 1445.4pt>
File: DeltaGamma/10AutotoxFPLinear.pdf Graphic file (type pdf)
<use DeltaGamma/10AutotoxFPLinear.pdf>
Package pdftex.def Info: DeltaGamma/10AutotoxFPLinear.pdf  used on input line 456.
(pdftex.def)             Requested size: 345.0pt x 344.9843pt.
 [20

 <./DeltaGamma/10AutotoxFPLinear.pdf>]
<DeltaGamma/EigenvalueSpectraLog.pdf, id=4166, 1445.4pt x 1445.4pt>
File: DeltaGamma/EigenvalueSpectraLog.pdf Graphic file (type pdf)
<use DeltaGamma/EigenvalueSpectraLog.pdf>
Package pdftex.def Info: DeltaGamma/EigenvalueSpectraLog.pdf  used on input line 464.
(pdftex.def)             Requested size: 345.0pt x 344.9843pt.
 [21

 <./DeltaGamma/EigenvalueSpectraLog.pdf>]
<Bifurcation/BifurcationMeanGamma.png, id=4616, 462.528pt x 346.896pt>
File: Bifurcation/BifurcationMeanGamma.png Graphic file (type png)
<use Bifurcation/BifurcationMeanGamma.png>
Package pdftex.def Info: Bifurcation/BifurcationMeanGamma.png  used on input line 477.
(pdftex.def)             Requested size: 345.0pt x 258.76335pt.
<Bifurcation/BifurcationM1.png, id=4617, 462.528pt x 346.896pt>
File: Bifurcation/BifurcationM1.png Graphic file (type png)
<use Bifurcation/BifurcationM1.png>
Package pdftex.def Info: Bifurcation/BifurcationM1.png  used on input line 483.
(pdftex.def)             Requested size: 345.0pt x 258.76335pt.
 [22

 <./Bifurcation/BifurcationMeanGamma.png>] [23 <./Bifurcation/BifurcationM1.png>]
<Bifurcation/BifurcationMeanDelta.png, id=4626, 462.528pt x 346.896pt>
File: Bifurcation/BifurcationMeanDelta.png Graphic file (type png)
<use Bifurcation/BifurcationMeanDelta.png>
Package pdftex.def Info: Bifurcation/BifurcationMeanDelta.png  used on input line 492.
(pdftex.def)             Requested size: 345.0pt x 258.76335pt.
<Bifurcation/BifurcationM1Delta.png, id=4627, 462.528pt x 346.896pt>
File: Bifurcation/BifurcationM1Delta.png Graphic file (type png)
<use Bifurcation/BifurcationM1Delta.png>
Package pdftex.def Info: Bifurcation/BifurcationM1Delta.png  used on input line 498.
(pdftex.def)             Requested size: 345.0pt x 258.76335pt.
 [24

 <./Bifurcation/BifurcationMeanDelta.png>] [25 <./Bifurcation/BifurcationM1Delta.png>] (Autotoxicity model notes.aux)
 ***********
LaTeX2e <2023-11-01> patch level 1
L3 programming layer <2024-01-04>
 ***********
 ) 
Here is how much of TeX's memory you used:
 4231 strings out of 474486
 71890 string characters out of 5743283
 1938542 words of memory out of 5000000
 26483 multiletter control sequences out of 15000+600000
 573888 words of font info for 95 fonts, out of 8000000 for 9000
 1141 hyphenation exceptions out of 8191
 57i,9n,65p,701b,317s stack positions out of 10000i,1000n,20000p,200000b,200000s
 <C:\Users\spigno\AppData\Local\MiKTeX\fonts/pk/ljfour/jknappen/ec/dpi600\tcrm1000.pk><C:/Users/spigno/AppData/Local/Programs/MiKTeX/fonts/type1/public/amsfonts/cm/cmbx10.pfb><C:/Users/spigno/AppData/Local/Programs/MiKTeX/fonts/type1/public/amsfonts/cm/cmbx12.pfb><C:/Users/spigno/AppData/Local/Programs/MiKTeX/fonts/type1/public/amsfonts/cm/cmex10.pfb><C:/Users/spigno/AppData/Local/Programs/MiKTeX/fonts/type1/public/amsfonts/cm/cmmi10.pfb><C:/Users/spigno/AppData/Local/Programs/MiKTeX/fonts/type1/public/amsfonts/cm/cmmi12.pfb><C:/Users/spigno/AppData/Local/Programs/MiKTeX/fonts/type1/public/amsfonts/cm/cmmi5.pfb><C:/Users/spigno/AppData/Local/Programs/MiKTeX/fonts/type1/public/amsfonts/cm/cmmi7.pfb><C:/Users/spigno/AppData/Local/Programs/MiKTeX/fonts/type1/public/amsfonts/cm/cmmib10.pfb><C:/Users/spigno/AppData/Local/Programs/MiKTeX/fonts/type1/public/amsfonts/cmextra/cmmib7.pfb><C:/Users/spigno/AppData/Local/Programs/MiKTeX/fonts/type1/public/amsfonts/cm/cmr10.pfb><C:/Users/spigno/AppData/Local/Programs/MiKTeX/fonts/type1/public/amsfonts/cm/cmr12.pfb><C:/Users/spigno/AppData/Local/Programs/MiKTeX/fonts/type1/public/amsfonts/cm/cmr17.pfb><C:/Users/spigno/AppData/Local/Programs/MiKTeX/fonts/type1/public/amsfonts/cm/cmr7.pfb><C:/Users/spigno/AppData/Local/Programs/MiKTeX/fonts/type1/public/amsfonts/cm/cmsy10.pfb><C:/Users/spigno/AppData/Local/Programs/MiKTeX/fonts/type1/public/amsfonts/cm/cmsy7.pfb><C:/Users/spigno/AppData/Local/Programs/MiKTeX/fonts/type1/public/amsfonts/cm/cmti10.pfb><C:/Users/spigno/AppData/Local/Programs/MiKTeX/fonts/type1/public/amsfonts/cm/cmtt10.pfb><C:/Users/spigno/AppData/Local/Programs/MiKTeX/fonts/type1/public/amsfonts/symbols/msbm10.pfb>
Output written on "Autotoxicity model notes.pdf" (25 pages, 10125787 bytes).
PDF statistics:
 4715 PDF objects out of 5155 (max. 8388607)
 0 named destinations out of 1000 (max. 500000)
 86 words of extra memory for PDF output out of 10000 (max. 10000000)

